This is pdfeTeX, Version 3.141592-1.21a-2.2 (Web2C 7.5.4) (format=latex 2006.9.7)  13 SEP 2006 21:40
entering extended mode
**main.tex
(./main.tex
LaTeX2e <2003/12/01>
Babel <v3.8d> and hyphenation patterns for american, french, german, ngerman, b
ahasa, basque, bulgarian, catalan, croatian, czech, danish, dutch, esperanto, e
stonian, finnish, greek, icelandic, irish, italian, latin, magyar, norsk, polis
h, portuges, romanian, russian, serbian, slovak, slovene, spanish, swedish, tur
kish, ukrainian, nohyphenation, loaded.
(/usr/share/texmf-tetex/tex/latex/base/article.cls
Document Class: article 2004/02/16 v1.4f Standard LaTeX document class
(/usr/share/texmf-tetex/tex/latex/base/size10.clo
File: size10.clo 2004/02/16 v1.4f Standard LaTeX file (size option)
)
\c@part=\count79
\c@section=\count80
\c@subsection=\count81
\c@subsubsection=\count82
\c@paragraph=\count83
\c@subparagraph=\count84
\c@figure=\count85
\c@table=\count86
\abovecaptionskip=\skip41
\belowcaptionskip=\skip42
\bibindent=\dimen102
)
(/usr/share/texmf-tetex/tex/latex/base/inputenc.sty
Package: inputenc 2004/02/05 v1.0d Input encoding file

(/usr/share/texmf-tetex/tex/latex/base/latin1.def
File: latin1.def 2004/02/05 v1.0d Input encoding file
))
(/usr/share/texmf-tetex/tex/generic/babel/babel.sty
Package: babel 2004/11/20 v3.8d The Babel package

(/usr/share/texmf-tetex/tex/generic/babel/ngermanb.ldf
Language: ngermanb 2004/02/20 v2.6m new German support from the babel system

(/usr/share/texmf-tetex/tex/generic/babel/babel.def
File: babel.def 2004/11/20 v3.8d Babel common definitions
\babel@savecnt=\count87
\U@D=\dimen103
)
\l@naustrian = a dialect from \language\l@ngerman 
Package babel Info: Making " an active character on input line 92.
))
(/usr/share/texmf-tetex/tex/latex/base/fontenc.sty
Package: fontenc 2004/02/22 v1.99f Standard LaTeX package

(/usr/share/texmf-tetex/tex/latex/base/t1enc.def
File: t1enc.def 2004/02/22 v1.99f Standard LaTeX file
LaTeX Font Info:    Redeclaring font encoding T1 on input line 43.
))
(/usr/share/texmf-tetex/tex/latex/graphics/graphicx.sty
Package: graphicx 1999/02/16 v1.0f Enhanced LaTeX Graphics (DPC,SPQR)

(/usr/share/texmf-tetex/tex/latex/graphics/keyval.sty
Package: keyval 1999/03/16 v1.13 key=value parser (DPC)
\KV@toks@=\toks14
)
(/usr/share/texmf-tetex/tex/latex/graphics/graphics.sty
Package: graphics 2001/07/07 v1.0n Standard LaTeX Graphics (DPC,SPQR)

(/usr/share/texmf-tetex/tex/latex/graphics/trig.sty
Package: trig 1999/03/16 v1.09 sin cos tan (DPC)
)
(/usr/share/texmf-tetex/tex/latex/graphics/graphics.cfg
File: graphics.cfg 2005/02/03 v1.3 graphics configuration of teTeX/TeXLive
)
Package graphics Info: Driver file: pdftex.def on input line 80.

(/usr/share/texmf-tetex/tex/latex/graphics/pdftex.def
File: pdftex.def 2002/06/19 v0.03k graphics/color for pdftex
\Gread@gobject=\count88
))
\Gin@req@height=\dimen104
\Gin@req@width=\dimen105
)
(/usr/share/texmf-tetex/tex/latex/listings/listings.sty
\lst@mode=\count89
\lst@gtempboxa=\box26
\lst@token=\toks15
\lst@length=\count90
\lst@currlwidth=\dimen106
\lst@column=\count91
\lst@pos=\count92
\lst@lostspace=\dimen107
\lst@width=\dimen108
\lst@newlines=\count93
\lst@lineno=\count94
\c@lstlisting=\count95
\lst@maxwidth=\dimen109

(/usr/share/texmf-tetex/tex/latex/listings/lstpatch.sty
File: lstpatch.sty 2004/10/17 1.3b (Carsten Heinz)
)
(/usr/share/texmf-tetex/tex/latex/listings/lstmisc.sty
File: lstmisc.sty 2004/09/07 1.3 (Carsten Heinz)
\c@lstnumber=\count96
\lst@skipnumbers=\count97
\lst@framebox=\box27
)
(/usr/share/texmf-tetex/tex/latex/listings/listings.cfg
File: listings.cfg 2004/09/05 1.3 listings configuration
))
Package: listings 2004/10/17 1.3b (Carsten Heinz)

(/usr/share/texmf-tetex/tex/latex/listings/lstlang1.sty
File: lstlang1.sty 2004/09/05 1.3 listings language file
)
(/usr/share/texmf-tetex/tex/latex/listings/lstmisc.sty
File: lstmisc.sty 2004/09/07 1.3 (Carsten Heinz)
) (./main.aux (./goal.aux) (./pre.aux) (./installation.aux) (./quick-start.aux)
 (./xml-structure.aux)
(./ant-calls.aux) (./tips-and-tricks.aux))
\openout1 = `main.aux'.

LaTeX Font Info:    Checking defaults for OML/cmm/m/it on input line 17.
LaTeX Font Info:    ... okay on input line 17.
LaTeX Font Info:    Checking defaults for T1/cmr/m/n on input line 17.
LaTeX Font Info:    ... okay on input line 17.
LaTeX Font Info:    Checking defaults for OT1/cmr/m/n on input line 17.
LaTeX Font Info:    ... okay on input line 17.
LaTeX Font Info:    Checking defaults for OMS/cmsy/m/n on input line 17.
LaTeX Font Info:    ... okay on input line 17.
LaTeX Font Info:    Checking defaults for OMX/cmex/m/n on input line 17.
LaTeX Font Info:    ... okay on input line 17.
LaTeX Font Info:    Checking defaults for U/cmr/m/n on input line 17.
LaTeX Font Info:    ... okay on input line 17.

(/usr/share/texmf-tetex/tex/context/base/supp-pdf.tex
(/usr/share/texmf-tetex/tex/context/base/supp-mis.tex
loading : Context Support Macros / Miscellaneous (2004.10.26)
\protectiondepth=\count98
\scratchcounter=\count99
\scratchtoks=\toks16
\scratchdimen=\dimen110
\scratchskip=\skip43
\scratchmuskip=\muskip10
\scratchbox=\box28
\scratchread=\read1
\scratchwrite=\write3
\zeropoint=\dimen111
\onepoint=\dimen112
\onebasepoint=\dimen113
\minusone=\count100
\thousandpoint=\dimen114
\onerealpoint=\dimen115
\emptytoks=\toks17
\nextbox=\box29
\nextdepth=\dimen116
\everyline=\toks18
\!!counta=\count101
\!!countb=\count102
\recursecounter=\count103
)
loading : Context Support Macros / PDF (2004.03.26)
\nofMPsegments=\count104
\nofMParguments=\count105
\MPscratchCnt=\count106
\MPscratchDim=\dimen117
\MPnumerator=\count107
\everyMPtoPDFconversion=\toks19
)
LaTeX Font Info:    External font `cmex10' loaded for size
(Font)              <12> on input line 22.
LaTeX Font Info:    External font `cmex10' loaded for size
(Font)              <8> on input line 22.
LaTeX Font Info:    External font `cmex10' loaded for size
(Font)              <6> on input line 22.
 [1

{/var/lib/texmf/fonts/map/pdftex/updmap/pdftex.map}] (./main.toc
LaTeX Font Info:    External font `cmex10' loaded for size
(Font)              <7> on input line 3.
LaTeX Font Info:    External font `cmex10' loaded for size
(Font)              <5> on input line 3.
 [1])
\tf@toc=\write4
\openout4 = `main.toc'.


[2]
\openout2 = `goal.aux'.

 (./goal.tex [3

]
LaTeX Font Info:    Try loading font information for OMS+cmr on input line 77.
 (/usr/share/texmf-tetex/tex/latex/base/omscmr.fd
File: omscmr.fd 1999/05/25 v2.5h Standard LaTeX font definitions
)
LaTeX Font Info:    Font shape `OMS/cmr/m/n' in size <10> not available
(Font)              Font shape `OMS/cmsy/m/n' tried instead on input line 77.
 [4])
[5]
\openout2 = `pre.aux'.

 (./pre.tex) [6


]
\openout2 = `installation.aux'.

 (./installation.tex
Overfull \hbox (5.831pt too wide) in paragraph at lines 12--18
[]\T1/cmr/m/n/10 Wir brau-chen das Ba-sis-sys-tem (ba-se sys-tem) und die be-nu
tz-ten Java-Bibliotheken
 []

) [7


]
\openout2 = `quick-start.aux'.

 (./quick-start.tex
LaTeX Font Info:    Try loading font information for T1+cmtt on input line 14.
 (/usr/share/texmf-tetex/tex/latex/base/t1cmtt.fd
File: t1cmtt.fd 1999/05/25 v2.5h Standard LaTeX font definitions
)
[8


]
Overfull \hbox (36.51517pt too wide) in paragraph at lines 73--78
[]\T1/cmr/bx/n/10 Wichtig! \T1/cmr/m/n/10 In dem Text-feld \T1/cmr/m/sc/10 Tour
 fol-der na-me \T1/cmr/m/n/10 gibst du bit-te den Text \T1/cmtt/m/n/10 MeineSup
erTour
 []

LaTeX Font Info:    External font `cmex10' loaded for size
(Font)              <9> on input line 97.

Overfull \hbox (27.21466pt too wide) in paragraph at lines 114--116
\T1/cmr/m/n/10 zeich-nis \T1/cmtt/m/n/10 ./html/MeineSuperTour \T1/cmr/m/n/10 s
oll-te sich ei-ne Da-tei na-mens \T1/cmtt/m/n/10 MeineSuperTour.html
 []

[9]) [10]
\openout2 = `xml-structure.aux'.

 (./xml-structure.tex [11


] [12] [13]
Overfull \hbox (4.56752pt too wide) in paragraph at lines 234--235
[][][][][][][][][][][][][][][][][] 
 []

[14]
Overfull \hbox (4.93538pt too wide) in paragraph at lines 290--292
[]\T1/cmr/bx/n/10 duration\T1/cmr/m/n/10 : Hier soll-te man so-was wie \T1/cmtt
/m/n/10 "01:30hrs" \T1/cmr/m/n/10 oder \T1/cmtt/m/n/10 "1 Stunde, 30 Minuten"
 []

[15]
Overfull \hbox (4.56752pt too wide) in paragraph at lines 352--353
[][][][][][][][][][][][][][][][][] 
 []

[16] [17] [18] [19]
Overfull \hbox (2.00473pt too wide) in paragraph at lines 553--557
\T1/cmr/m/n/10 sind: \T1/cmtt/m/n/10 north, east, south, west, northeast, south
east, southwest
 []

[20] [21] [22] [23]) [24]
\openout2 = `ant-calls.aux'.

 (./ant-calls.tex
Overfull \hbox (2.97058pt too wide) in paragraph at lines 4--6
\T1/cmr/m/n/10 Nutzung der gra-fi-schen Ober-flae-che: lst-set-num-bers=left,nu
mberstyle=\T1/cmr/m/n/5 ,stepnumber=1 
 []

) [25


]
\openout2 = `tips-and-tricks.aux'.

 (./tips-and-tricks.tex) [26


] (./main.aux (./goal.aux) (./pre.aux)
(./installation.aux) (./quick-start.aux) (./xml-structure.aux) (./ant-calls.aux
) (./tips-and-tricks.aux)) ) 
Here is how much of TeX's memory you used:
 3385 strings out of 94501
 42309 string characters out of 1175812
 104927 words of memory out of 1000000
 6483 multiletter control sequences out of 10000+50000
 21399 words of font info for 46 fonts, out of 500000 for 2000
 580 hyphenation exceptions out of 8191
 29i,8n,59p,223b,1664s stack positions out of 1500i,500n,5000p,200000b,5000s
PDF statistics:
 161 PDF objects out of 300000
 0 named destinations out of 131072
 1 words of extra memory for PDF output out of 65536
{/usr/share/texmf/fonts/enc/dvips/cm-super/cm-super
-t1.enc}</usr/share/texmf/fonts/type1/public/cm-super/sfbi1440.pfb></usr/share/
texmf/fonts/type1/public/cm-super/sfti0800.pfb></usr/share/texmf-tetex/fonts/ty
pe1/bluesky/cm/cmsy9.pfb></usr/share/texmf/fonts/type1/public/cm-super/sfcc1000
.pfb></usr/share/texmf/fonts/type1/public/cm-super/sftt0800.pfb></usr/share/tex
mf/fonts/type1/public/cm-super/sfrm0900.pfb></usr/share/texmf/fonts/type1/publi
c/cm-super/sfrm0500.pfb></usr/share/texmf/fonts/type1/public/cm-super/sftt1000.
pfb></usr/share/texmf/fonts/type1/public/cm-super/sfrm0800.pfb></usr/share/texm
f-tetex/fonts/type1/bluesky/cm/cmmi6.pfb></usr/share/texmf-tetex/fonts/type1/bl
uesky/cm/cmr8.pfb></usr/share/texmf-tetex/fonts/type1/bluesky/cm/cmmi8.pfb></us
r/share/texmf/fonts/type1/public/cm-super/sfrm0600.pfb></usr/share/texmf/fonts/
type1/public/cm-super/sfrm0700.pfb></usr/share/texmf-tetex/fonts/type1/bluesky/
cm/cmr10.pfb></usr/share/texmf-tetex/fonts/type1/bluesky/cm/cmsy10.pfb></usr/sh
are/texmf/fonts/type1/public/cm-super/sfti1000.pfb></usr/share/texmf/fonts/type
1/public/cm-super/sfbx1200.pfb></usr/share/texmf/fonts/type1/public/cm-super/sf
bi1000.pfb></usr/share/texmf/fonts/type1/public/cm-super/sfbx1000.pfb></usr/sha
re/texmf/fonts/type1/public/cm-super/sfbx1440.pfb></usr/share/texmf/fonts/type1
/public/cm-super/sfrm1000.pfb></usr/share/texmf/fonts/type1/public/cm-super/sfs
l1000.pfb></usr/share/texmf/fonts/type1/public/cm-super/sfrm1200.pfb></usr/shar
e/texmf/fonts/type1/public/cm-super/sfrm1728.pfb>
Output written on main.pdf (27 pages, 523546 bytes).
